<?xml version="1.0" encoding="UTF-8"?>
<!-- Generated by org.testng.reporters.JUnitXMLReporter -->
<testsuite hostname="DESKTOP-3HB8IKU" ignored="0" name="Test" tests="3" failures="1" timestamp="03 Oct 2019 13:31:30 GMT" time="0.027" errors="0">
  <testcase name="testMethodFail" time="0.008" classname="ExcelResults.TestCaseOne">
    <failure type="java.lang.AssertionError" message="expected [true] but found [false]">
      <![CDATA[java.lang.AssertionError: expected [true] but found [false]
at ExcelResults.TestCaseOne.testMethodFail(TestCaseOne.java:18)
... Removed 29 stack frames]]>
    </failure>
  </testcase> <!-- testMethodFail -->
  <testcase name="testMethodPass" time="0.0" classname="ExcelResults.TestCaseOne"/>
  <testcase name="testMethodSkip" time="0.0" classname="ExcelResults.TestCaseOne">
    <skipped/>
  </testcase> <!-- testMethodSkip -->
</testsuite> <!-- Test -->
